<?xml version="1.0" encoding="UTF-8"?>
<!-- Generated by org.testng.reporters.JUnitReportReporter -->
<testsuite skipped="3" hostname="AcerNitro-5" name="day2.PositiveContactListTest" tests="8" failures="0" timestamp="08 Oct 2021 06:37:54 GMT" time="4.316" errors="0">
  <testcase name="getSpecificContact4" time="0.477" classname="day2.PositiveContactListTest"/>
  <testcase name="deletingSpecificContact" time="0.512" classname="day2.PositiveContactListTest"/>
  <testcase name="UpdatingContact" time="0.537" classname="day2.PositiveContactListTest"/>
  <testcase name="getSpecificContact3" time="0.473" classname="day2.PositiveContactListTest"/>
  <testcase name="addingContact" time="2.317" classname="day2.PositiveContactListTest"/>
  <testcase name="getContactListInfo" classname="day2.PositiveContactListTest">
    <skipped/>
  </testcase> <!-- getContactListInfo -->
  <testcase name="getSpecificContact2" classname="day2.PositiveContactListTest">
    <skipped/>
  </testcase> <!-- getSpecificContact2 -->
  <testcase name="getSpecificContact" classname="day2.PositiveContactListTest">
    <skipped/>
  </testcase> <!-- getSpecificContact -->
</testsuite> <!-- day2.PositiveContactListTest -->
