<?xml version="1.0" encoding="UTF-8"?>
<!-- Generated by org.testng.reporters.JUnitReportReporter -->
<testsuite skipped="1" hostname="AcerNitro-5" name="day2.NegativeContactListTest" tests="4" failures="0" timestamp="08 Oct 2021 07:24:06 GMT" time="3.983" errors="0">
  <testcase name="invalidemailcharacter" time="0.526" classname="day2.NegativeContactListTest"/>
  <testcase name="addingContactMissingParameter" time="2.864" classname="day2.NegativeContactListTest"/>
  <testcase name="addingContactTooManyCharacters" time="0.593" classname="day2.NegativeContactListTest"/>
  <testcase name="recordNotFound" classname="day2.NegativeContactListTest">
    <skipped/>
  </testcase> <!-- recordNotFound -->
</testsuite> <!-- day2.NegativeContactListTest -->
