<?xml version="1.0" encoding="UTF-8"?>
<!-- Generated by org.testng.reporters.JUnitReportReporter -->
<testsuite skipped="0" hostname="AcerNitro-5" name="day2.GitHub" tests="2" failures="0" timestamp="08 Oct 2021 10:08:06 GMT" time="3.044" errors="0">
  <testcase name="createRepositories" time="2.389" classname="day2.GitHub"/>
  <testcase name="gettingAllRepositories" time="0.655" classname="day2.GitHub"/>
</testsuite> <!-- day2.GitHub -->
