<?xml version="1.0" encoding="UTF-8"?>
<!-- Generated by org.testng.reporters.JUnitReportReporter -->
<testsuite skipped="2" hostname="AcerNitro-5" name="day1.WeatherAPI" tests="4" failures="0" timestamp="07 Oct 2021 13:38:04 GMT" time="1.870" errors="0">
  <testcase name="getWeather4" time="0.380" classname="day1.WeatherAPI"/>
  <testcase name="getWeather3" time="1.490" classname="day1.WeatherAPI"/>
  <testcase name="getWeather" classname="day1.WeatherAPI">
    <skipped/>
  </testcase> <!-- getWeather -->
  <testcase name="getWeather2" classname="day1.WeatherAPI">
    <skipped/>
  </testcase> <!-- getWeather2 -->
</testsuite> <!-- day1.WeatherAPI -->
